Arguments: 
  /usr/local/Cellar/node/10.8.0/bin/node /usr/local/Cellar/yarn/1.9.4/libexec/bin/yarn.js

PATH: 
  /usr/local/opt/elasticsearch@5.6/bin:/Users/halla_mahyn/.rvm/gems/ruby-2.1.4/bin:/Users/halla_mahyn/.rvm/gems/ruby-2.1.4@global/bin:/Users/halla_mahyn/.rvm/rubies/ruby-2.1.4/bin:/Users/halla_mahyn/.rvm/bin:/bin:/usr/local/bin:/usr/bin:/bin:/usr/sbin:/sbin:/opt/X11/bin

Yarn version: 
  1.9.4

Node version: 
  10.8.0

Platform: 
  darwin x64

Trace: 
  Error: getaddrinfo ENOTFOUND registry.yarnpkg.com registry.yarnpkg.com:443
      at GetAddrInfoReqWrap.onlookup [as oncomplete] (dns.js:56:26)

npm manifest: 
  {
    "name": "static-brunch",
    "description": "Static page generator",
    "author": "Shugar",
    "version": "0.0.1",
    "repository": {
      "type": "git",
      "url": ""
    },
    "scripts": {
      "dev": "brunch watch --server",
      "prod": "brunch build --production",
      "start": "brunch watch --server"
    },
    "dependencies": {
      "jquery": "^3.2.1",
      "jquery-background-video": "^1.0.0",
      "slick-carousel": "^1.8.1"
    },
    "devDependencies": {
      "auto-reload-brunch": "^2.7.1",
      "autoprefixer": "^7.1.5",
      "babel-brunch": "~6.1.1",
      "babel-preset-env": "^1.6.0",
      "brunch": "^2.10.10",
      "brunch-static": "^1.2.1",
      "clean-css-brunch": "^2.10.0",
      "css-brunch": "^2.10.0",
      "html-brunch-static": "^1.3.3",
      "javascript-brunch": "^2.10.0",
      "postcss-brunch": "^2.1.0",
      "postcss-flexbugs-fixes": "^3.2.0",
      "postcss-flexibility": "^2.0.0",
      "pug-brunch-static": "^2.0.1",
      "sass-brunch": "^2.10.4",
      "uglify-js-brunch": "^2.10.0"
    }
  }

yarn manifest: 
  No manifest

Lockfile: 
  No lockfile
